2023-07-27 19:20:08,658 INFO [main] o.s.MyStepDefinitions - transactionId
2023-07-31 13:11:51,283 INFO [main] o.s.StoreTiming - Tittle of the screen: Store hours
2023-07-31 13:11:51,381 INFO [main] o.s.StoreTiming - MONDAY
2023-07-31 13:11:51,459 INFO [main] o.s.StoreTiming - 12:16 AM - 09:28 PM
2023-07-31 13:11:51,539 INFO [main] o.s.StoreTiming - TUESDAY
2023-07-31 13:11:51,622 INFO [main] o.s.StoreTiming - 12:17 AM - 07:00 PM
2023-07-31 13:11:51,714 INFO [main] o.s.StoreTiming - WEDNESDAY
2023-07-31 13:11:51,792 INFO [main] o.s.StoreTiming - 12:17 AM - 12:17 PM
2023-07-31 13:11:51,876 INFO [main] o.s.StoreTiming - THURSDAY
2023-07-31 13:11:51,961 INFO [main] o.s.StoreTiming - 07:00 AM - 12:17 PM
2023-07-31 13:11:52,039 INFO [main] o.s.StoreTiming - FRIDAY
2023-07-31 13:11:52,118 INFO [main] o.s.StoreTiming - 06:00 AM - 04:00 PM
2023-07-31 13:11:52,194 INFO [main] o.s.StoreTiming - SATURDAY
2023-07-31 13:11:52,275 INFO [main] o.s.StoreTiming - 07:00 AM - 09:00 PM
2023-07-31 13:11:52,355 INFO [main] o.s.StoreTiming - SUNDAY
2023-07-31 13:11:52,408 INFO [main] o.s.StoreTiming - 07:00 AM - 09:00 PM
2023-07-31 13:11:52,805 INFO [main] o.s.StoreTiming - 12
2023-07-31 13:11:58,404 INFO [main] o.s.StoreTiming - 12
2023-07-31 13:11:58,404 INFO [main] o.s.StoreTiming - Choosed and updated Time is correct
2023-07-31 13:22:24,652 INFO [main] o.s.StoreTiming - Tittle of the screen: Store hours
2023-07-31 13:22:24,747 INFO [main] o.s.StoreTiming - MONDAY
2023-07-31 13:22:24,782 INFO [main] o.s.StoreTiming - 12:16 AM - 09:28 PM
2023-07-31 13:22:24,819 INFO [main] o.s.StoreTiming - TUESDAY
2023-07-31 13:22:24,856 INFO [main] o.s.StoreTiming - 12:17 AM - 07:00 PM
2023-07-31 13:22:24,895 INFO [main] o.s.StoreTiming - WEDNESDAY
2023-07-31 13:22:24,934 INFO [main] o.s.StoreTiming - 12:17 AM - 12:17 PM
2023-07-31 13:22:24,972 INFO [main] o.s.StoreTiming - THURSDAY
2023-07-31 13:22:25,007 INFO [main] o.s.StoreTiming - 07:00 AM - 12:17 PM
2023-07-31 13:22:25,045 INFO [main] o.s.StoreTiming - FRIDAY
2023-07-31 13:22:25,080 INFO [main] o.s.StoreTiming - 06:00 AM - 04:00 PM
2023-07-31 13:22:25,108 INFO [main] o.s.StoreTiming - SATURDAY
2023-07-31 13:22:25,136 INFO [main] o.s.StoreTiming - 07:00 AM - 09:00 PM
2023-07-31 13:22:25,163 INFO [main] o.s.StoreTiming - SUNDAY
2023-07-31 13:22:25,190 INFO [main] o.s.StoreTiming - 07:00 AM - 09:00 PM
2023-07-31 13:22:25,439 INFO [main] o.s.StoreTiming - 12
2023-07-31 13:22:30,468 INFO [main] o.s.StoreTiming - 12
2023-07-31 13:22:30,469 INFO [main] o.s.StoreTiming - Choosed and updated Time is correct
2023-07-31 14:29:08,048 INFO [main] o.s.StoreTiming - Tittle of the screen: Store hours
2023-07-31 14:29:08,174 INFO [main] o.s.StoreTiming - MONDAY
2023-07-31 14:29:08,219 INFO [main] o.s.StoreTiming - 12:16 AM - 09:28 PM
2023-07-31 14:29:08,252 INFO [main] o.s.StoreTiming - TUESDAY
2023-07-31 14:29:08,291 INFO [main] o.s.StoreTiming - 12:17 AM - 07:00 PM
2023-07-31 14:29:08,327 INFO [main] o.s.StoreTiming - WEDNESDAY
2023-07-31 14:29:08,362 INFO [main] o.s.StoreTiming - 12:17 AM - 12:17 PM
2023-07-31 14:29:08,399 INFO [main] o.s.StoreTiming - THURSDAY
2023-07-31 14:29:08,448 INFO [main] o.s.StoreTiming - 07:00 AM - 12:17 PM
2023-07-31 14:29:08,487 INFO [main] o.s.StoreTiming - FRIDAY
2023-07-31 14:29:08,527 INFO [main] o.s.StoreTiming - 06:00 AM - 04:00 PM
2023-07-31 14:29:08,565 INFO [main] o.s.StoreTiming - SATURDAY
2023-07-31 14:29:08,594 INFO [main] o.s.StoreTiming - 07:00 AM - 09:00 PM
2023-07-31 14:29:08,622 INFO [main] o.s.StoreTiming - SUNDAY
2023-07-31 14:29:08,653 INFO [main] o.s.StoreTiming - 07:00 AM - 09:00 PM
2023-07-31 14:29:08,927 INFO [main] o.s.StoreTiming - 12
2023-07-31 14:29:14,183 INFO [main] o.s.StoreTiming - 12
2023-07-31 14:29:14,183 INFO [main] o.s.StoreTiming - Choosed and updated Time is correct
2023-08-02 16:28:33,383 INFO [main] o.s.Reports - Tittle of the screen: Reports
2023-08-02 16:28:38,749 INFO [main] o.s.Reports - Validation error message is correct
2023-09-27 19:03:35,204 INFO [main] o.s.Reports - Tittle of the screen: Reports
2023-09-27 19:03:40,709 INFO [main] o.s.Reports - Validation error message is correct
2023-09-28 16:48:05,345 INFO [main] o.s.Reports - Tittle of the screen: Reports
2023-09-28 16:48:11,005 INFO [main] o.s.Reports - Validation error message is correct
2023-09-29 20:16:13,240 INFO [main] o.s.StoreTiming - Tittle of the screen: Store hours
2023-09-29 20:16:13,253 INFO [main] o.s.StoreTiming - MONDAY
2023-09-29 20:16:13,263 INFO [main] o.s.StoreTiming - 12:16 AM - 09:28 PM
2023-09-29 20:16:13,272 INFO [main] o.s.StoreTiming - TUESDAY
2023-09-29 20:16:13,281 INFO [main] o.s.StoreTiming - 12:17 AM - 07:00 PM
2023-09-29 20:16:13,289 INFO [main] o.s.StoreTiming - WEDNESDAY
2023-09-29 20:16:13,298 INFO [main] o.s.StoreTiming - 12:17 AM - 12:17 PM
2023-09-29 20:16:13,306 INFO [main] o.s.StoreTiming - THURSDAY
2023-09-29 20:16:13,314 INFO [main] o.s.StoreTiming - 07:00 AM - 12:17 PM
2023-09-29 20:16:13,321 INFO [main] o.s.StoreTiming - FRIDAY
2023-09-29 20:16:13,331 INFO [main] o.s.StoreTiming - 06:00 AM - 04:00 PM
2023-09-29 20:16:13,339 INFO [main] o.s.StoreTiming - SATURDAY
2023-09-29 20:16:13,348 INFO [main] o.s.StoreTiming - 07:00 AM - 09:00 PM
2023-09-29 20:16:13,357 INFO [main] o.s.StoreTiming - SUNDAY
2023-09-29 20:16:13,366 INFO [main] o.s.StoreTiming - 07:00 AM - 09:00 PM
2023-09-29 20:16:13,687 INFO [main] o.s.StoreTiming - 12
2023-09-29 20:23:03,713 INFO [main] o.s.StoreTiming - Tittle of the screen: Store hours
2023-09-29 20:23:03,743 INFO [main] o.s.StoreTiming - MONDAY
2023-09-29 20:23:03,757 INFO [main] o.s.StoreTiming - 12:16 AM - 09:28 PM
2023-09-29 20:23:03,770 INFO [main] o.s.StoreTiming - TUESDAY
2023-09-29 20:23:03,781 INFO [main] o.s.StoreTiming - 12:17 AM - 07:00 PM
2023-09-29 20:23:03,789 INFO [main] o.s.StoreTiming - WEDNESDAY
2023-09-29 20:23:03,797 INFO [main] o.s.StoreTiming - 12:17 AM - 12:17 PM
2023-09-29 20:23:03,805 INFO [main] o.s.StoreTiming - THURSDAY
2023-09-29 20:23:03,813 INFO [main] o.s.StoreTiming - 07:00 AM - 12:17 PM
2023-09-29 20:23:03,823 INFO [main] o.s.StoreTiming - FRIDAY
2023-09-29 20:23:03,831 INFO [main] o.s.StoreTiming - 06:00 AM - 04:00 PM
2023-09-29 20:23:03,838 INFO [main] o.s.StoreTiming - SATURDAY
2023-09-29 20:23:03,846 INFO [main] o.s.StoreTiming - 07:00 AM - 09:00 PM
2023-09-29 20:23:03,854 INFO [main] o.s.StoreTiming - SUNDAY
2023-09-29 20:23:03,861 INFO [main] o.s.StoreTiming - 07:00 AM - 09:00 PM
2023-09-29 20:23:04,216 INFO [main] o.s.StoreTiming - 12
2023-09-29 20:23:12,303 INFO [main] o.s.StoreTiming - 12
2023-09-29 20:23:12,303 INFO [main] o.s.StoreTiming - Choosed and updated Time is correct
2023-12-14 11:31:34,328 INFO [main] o.s.StoreTiming - Tittle of the screen: Store hours
2023-12-14 11:31:34,676 INFO [main] o.s.StoreTiming - MONDAY
2023-12-14 11:31:34,699 INFO [main] o.s.StoreTiming - 12:16 AM - 09:28 PM
2023-12-14 11:31:34,709 INFO [main] o.s.StoreTiming - TUESDAY
2023-12-14 11:31:34,722 INFO [main] o.s.StoreTiming - 12:17 AM - 07:00 PM
2023-12-14 11:31:34,732 INFO [main] o.s.StoreTiming - WEDNESDAY
2023-12-14 11:31:34,741 INFO [main] o.s.StoreTiming - 12:00 AM - 11:00 PM
2023-12-14 11:31:34,750 INFO [main] o.s.StoreTiming - THURSDAY
2023-12-14 11:31:34,761 INFO [main] o.s.StoreTiming - 07:00 AM - 12:17 PM
2023-12-14 11:31:34,771 INFO [main] o.s.StoreTiming - FRIDAY
2023-12-14 11:31:34,778 INFO [main] o.s.StoreTiming - 06:00 AM - 04:00 PM
2023-12-14 11:31:34,785 INFO [main] o.s.StoreTiming - SATURDAY
2023-12-14 11:31:34,791 INFO [main] o.s.StoreTiming - 07:00 AM - 09:00 PM
2023-12-14 11:31:34,798 INFO [main] o.s.StoreTiming - SUNDAY
2023-12-14 11:31:34,805 INFO [main] o.s.StoreTiming - 07:00 AM - 09:00 PM
2023-12-14 11:31:35,270 INFO [main] o.s.StoreTiming - 12
2023-12-14 13:20:39,622 INFO [main] o.s.StoreTiming - Tittle of the screen: Store hours
2023-12-14 13:20:39,654 INFO [main] o.s.StoreTiming - MONDAY
2023-12-14 13:20:39,675 INFO [main] o.s.StoreTiming - 12:16 AM - 09:28 PM
2023-12-14 13:20:39,699 INFO [main] o.s.StoreTiming - TUESDAY
2023-12-14 13:20:39,717 INFO [main] o.s.StoreTiming - 12:17 AM - 07:00 PM
2023-12-14 13:20:39,732 INFO [main] o.s.StoreTiming - WEDNESDAY
2023-12-14 13:20:39,745 INFO [main] o.s.StoreTiming - 12:00 AM - 11:00 PM
2023-12-14 13:20:39,758 INFO [main] o.s.StoreTiming - THURSDAY
2023-12-14 13:20:39,772 INFO [main] o.s.StoreTiming - 07:00 AM - 12:17 PM
2023-12-14 13:20:39,788 INFO [main] o.s.StoreTiming - FRIDAY
2023-12-14 13:20:39,801 INFO [main] o.s.StoreTiming - 06:00 AM - 04:00 PM
2023-12-14 13:20:39,822 INFO [main] o.s.StoreTiming - SATURDAY
2023-12-14 13:20:39,834 INFO [main] o.s.StoreTiming - 07:00 AM - 09:00 PM
2023-12-14 13:20:39,850 INFO [main] o.s.StoreTiming - SUNDAY
2023-12-14 13:20:39,864 INFO [main] o.s.StoreTiming - 07:00 AM - 09:00 PM
2023-12-14 13:20:40,293 INFO [main] o.s.StoreTiming - 12
2023-12-14 13:44:36,256 INFO [main] o.s.StoreTiming - Tittle of the screen: Store hours
2023-12-14 13:44:36,297 INFO [main] o.s.StoreTiming - MONDAY
2023-12-14 13:44:36,318 INFO [main] o.s.StoreTiming - 12:16 AM - 09:28 PM
2023-12-14 13:44:36,346 INFO [main] o.s.StoreTiming - TUESDAY
2023-12-14 13:44:36,395 INFO [main] o.s.StoreTiming - 12:17 AM - 07:00 PM
2023-12-14 13:44:36,414 INFO [main] o.s.StoreTiming - WEDNESDAY
2023-12-14 13:44:36,432 INFO [main] o.s.StoreTiming - 12:17 AM - 11:00 PM
2023-12-14 13:44:36,450 INFO [main] o.s.StoreTiming - THURSDAY
2023-12-14 13:44:36,466 INFO [main] o.s.StoreTiming - 07:00 AM - 12:17 PM
2023-12-14 13:44:36,483 INFO [main] o.s.StoreTiming - FRIDAY
2023-12-14 13:44:36,499 INFO [main] o.s.StoreTiming - 06:00 AM - 04:00 PM
2023-12-14 13:44:36,520 INFO [main] o.s.StoreTiming - SATURDAY
2023-12-14 13:44:36,533 INFO [main] o.s.StoreTiming - 07:00 AM - 09:00 PM
2023-12-14 13:44:36,548 INFO [main] o.s.StoreTiming - SUNDAY
2023-12-14 13:44:36,561 INFO [main] o.s.StoreTiming - 07:00 AM - 09:00 PM
2023-12-14 13:44:36,949 INFO [main] o.s.StoreTiming - 12
2023-12-14 13:44:45,874 INFO [main] o.s.StoreTiming - 12
2023-12-14 13:44:45,874 INFO [main] o.s.StoreTiming - Choosed and updated Time is correct
2023-12-14 14:55:32,183 INFO [main] o.s.StoreTiming - Tittle of the screen: Store hours
2023-12-14 14:55:32,229 INFO [main] o.s.StoreTiming - MONDAY
2023-12-14 14:55:32,263 INFO [main] o.s.StoreTiming - 12:16 AM - 09:28 PM
2023-12-14 14:55:32,284 INFO [main] o.s.StoreTiming - TUESDAY
2023-12-14 14:55:32,304 INFO [main] o.s.StoreTiming - 12:17 AM - 07:00 PM
2023-12-14 14:55:32,324 INFO [main] o.s.StoreTiming - WEDNESDAY
2023-12-14 14:55:32,342 INFO [main] o.s.StoreTiming - 12:17 AM - 11:00 PM
2023-12-14 14:55:32,369 INFO [main] o.s.StoreTiming - THURSDAY
2023-12-14 14:55:32,388 INFO [main] o.s.StoreTiming - 07:00 AM - 12:17 PM
2023-12-14 14:55:32,406 INFO [main] o.s.StoreTiming - FRIDAY
2023-12-14 14:55:32,428 INFO [main] o.s.StoreTiming - 06:00 AM - 04:00 PM
2023-12-14 14:55:32,445 INFO [main] o.s.StoreTiming - SATURDAY
2023-12-14 14:55:32,458 INFO [main] o.s.StoreTiming - 07:00 AM - 09:00 PM
2023-12-14 14:55:32,470 INFO [main] o.s.StoreTiming - SUNDAY
2023-12-14 14:55:32,480 INFO [main] o.s.StoreTiming - 07:00 AM - 09:00 PM
2023-12-14 14:55:33,018 INFO [main] o.s.StoreTiming - 12
2023-12-14 14:55:41,806 INFO [main] o.s.StoreTiming - 12
2023-12-14 14:55:41,806 INFO [main] o.s.StoreTiming - Choosed and updated Time is correct
2023-12-14 15:05:22,248 INFO [main] o.s.StoreTiming - Tittle of the screen: Store hours
2023-12-14 15:05:22,307 INFO [main] o.s.StoreTiming - MONDAY
2023-12-14 15:05:22,330 INFO [main] o.s.StoreTiming - 12:16 AM - 09:28 PM
2023-12-14 15:05:22,347 INFO [main] o.s.StoreTiming - TUESDAY
2023-12-14 15:05:22,358 INFO [main] o.s.StoreTiming - 12:17 AM - 07:00 PM
2023-12-14 15:05:22,369 INFO [main] o.s.StoreTiming - WEDNESDAY
2023-12-14 15:05:22,375 INFO [main] o.s.StoreTiming - 12:17 AM - 11:00 PM
2023-12-14 15:05:22,383 INFO [main] o.s.StoreTiming - THURSDAY
2023-12-14 15:05:22,392 INFO [main] o.s.StoreTiming - 07:00 AM - 12:17 PM
2023-12-14 15:05:22,400 INFO [main] o.s.StoreTiming - FRIDAY
2023-12-14 15:05:22,408 INFO [main] o.s.StoreTiming - 06:00 AM - 04:00 PM
2023-12-14 15:05:22,415 INFO [main] o.s.StoreTiming - SATURDAY
2023-12-14 15:05:22,422 INFO [main] o.s.StoreTiming - 07:00 AM - 09:00 PM
2023-12-14 15:05:22,429 INFO [main] o.s.StoreTiming - SUNDAY
2023-12-14 15:05:22,436 INFO [main] o.s.StoreTiming - 07:00 AM - 09:00 PM
2023-12-14 15:05:23,043 INFO [main] o.s.StoreTiming - 12
2023-12-14 15:05:32,379 INFO [main] o.s.StoreTiming - 12
2023-12-14 15:05:32,379 INFO [main] o.s.StoreTiming - Choosed and updated Time is correct
2023-12-14 15:21:46,070 INFO [main] o.s.StoreTiming - Tittle of the screen: Store hours
2023-12-14 15:21:46,083 INFO [main] o.s.StoreTiming - MONDAY
2023-12-14 15:21:46,093 INFO [main] o.s.StoreTiming - 12:16 AM - 09:28 PM
2023-12-14 15:21:46,102 INFO [main] o.s.StoreTiming - TUESDAY
2023-12-14 15:21:46,110 INFO [main] o.s.StoreTiming - 12:17 AM - 07:00 PM
2023-12-14 15:21:46,118 INFO [main] o.s.StoreTiming - WEDNESDAY
2023-12-14 15:21:46,126 INFO [main] o.s.StoreTiming - 12:17 AM - 11:00 PM
2023-12-14 15:21:46,135 INFO [main] o.s.StoreTiming - THURSDAY
2023-12-14 15:21:46,144 INFO [main] o.s.StoreTiming - 07:00 AM - 12:17 PM
2023-12-14 15:21:46,152 INFO [main] o.s.StoreTiming - FRIDAY
2023-12-14 15:21:46,163 INFO [main] o.s.StoreTiming - 06:00 AM - 04:00 PM
2023-12-14 15:21:46,171 INFO [main] o.s.StoreTiming - SATURDAY
2023-12-14 15:21:46,178 INFO [main] o.s.StoreTiming - 07:00 AM - 09:00 PM
2023-12-14 15:21:46,186 INFO [main] o.s.StoreTiming - SUNDAY
2023-12-14 15:21:46,194 INFO [main] o.s.StoreTiming - 07:00 AM - 09:00 PM
2023-12-14 15:21:47,442 INFO [main] o.s.StoreTiming - 12
2023-12-14 15:21:55,667 INFO [main] o.s.StoreTiming - 12
2023-12-14 15:21:55,668 INFO [main] o.s.StoreTiming - Choosed and updated Time is correct
2023-12-14 16:34:41,813 INFO [main] o.s.StoreTiming - Tittle of the screen: Store hours
2023-12-14 16:34:41,836 INFO [main] o.s.StoreTiming - MONDAY
2023-12-14 16:34:41,851 INFO [main] o.s.StoreTiming - 12:16 AM - 09:28 PM
2023-12-14 16:34:41,866 INFO [main] o.s.StoreTiming - TUESDAY
2023-12-14 16:34:41,877 INFO [main] o.s.StoreTiming - 12:17 AM - 07:00 PM
2023-12-14 16:34:41,888 INFO [main] o.s.StoreTiming - WEDNESDAY
2023-12-14 16:34:41,898 INFO [main] o.s.StoreTiming - 12:17 AM - 11:00 PM
2023-12-14 16:34:41,905 INFO [main] o.s.StoreTiming - THURSDAY
2023-12-14 16:34:41,912 INFO [main] o.s.StoreTiming - 07:00 AM - 12:17 PM
2023-12-14 16:34:41,920 INFO [main] o.s.StoreTiming - FRIDAY
2023-12-14 16:34:41,926 INFO [main] o.s.StoreTiming - 06:00 AM - 04:00 PM
2023-12-14 16:34:41,933 INFO [main] o.s.StoreTiming - SATURDAY
2023-12-14 16:34:41,939 INFO [main] o.s.StoreTiming - 07:00 AM - 09:00 PM
2023-12-14 16:34:41,946 INFO [main] o.s.StoreTiming - SUNDAY
2023-12-14 16:34:41,953 INFO [main] o.s.StoreTiming - 07:00 AM - 09:00 PM
2023-12-14 16:34:42,346 INFO [main] o.s.StoreTiming - 12
2023-12-14 16:34:50,376 INFO [main] o.s.StoreTiming - 12
2023-12-14 16:34:50,376 INFO [main] o.s.StoreTiming - Choosed and updated Time is correct
2023-12-14 16:52:54,933 INFO [main] o.s.StoreTiming - Tittle of the screen: Store hours
2023-12-14 16:52:54,995 INFO [main] o.s.StoreTiming - MONDAY
2023-12-14 16:52:55,015 INFO [main] o.s.StoreTiming - 12:16 AM - 09:28 PM
2023-12-14 16:52:55,032 INFO [main] o.s.StoreTiming - TUESDAY
2023-12-14 16:52:55,044 INFO [main] o.s.StoreTiming - 12:17 AM - 07:00 PM
2023-12-14 16:52:55,056 INFO [main] o.s.StoreTiming - WEDNESDAY
2023-12-14 16:52:55,068 INFO [main] o.s.StoreTiming - 12:17 AM - 11:00 PM
2023-12-14 16:52:55,078 INFO [main] o.s.StoreTiming - THURSDAY
2023-12-14 16:52:55,089 INFO [main] o.s.StoreTiming - 07:00 AM - 12:17 PM
2023-12-14 16:52:55,099 INFO [main] o.s.StoreTiming - FRIDAY
2023-12-14 16:52:55,106 INFO [main] o.s.StoreTiming - 06:00 AM - 04:00 PM
2023-12-14 16:52:55,112 INFO [main] o.s.StoreTiming - SATURDAY
2023-12-14 16:52:55,120 INFO [main] o.s.StoreTiming - 07:00 AM - 09:00 PM
2023-12-14 16:52:55,127 INFO [main] o.s.StoreTiming - SUNDAY
2023-12-14 16:52:55,134 INFO [main] o.s.StoreTiming - 07:00 AM - 09:00 PM
2023-12-14 16:52:55,493 INFO [main] o.s.StoreTiming - 12
2023-12-14 16:53:04,374 INFO [main] o.s.StoreTiming - 12
2023-12-14 16:53:04,374 INFO [main] o.s.StoreTiming - Choosed and updated Time is correct
2023-12-14 17:13:52,653 INFO [main] o.s.StoreTiming - Tittle of the screen: Store hours
2023-12-14 17:13:52,705 INFO [main] o.s.StoreTiming - MONDAY
2023-12-14 17:13:52,718 INFO [main] o.s.StoreTiming - 12:16 AM - 09:28 PM
2023-12-14 17:13:52,728 INFO [main] o.s.StoreTiming - TUESDAY
2023-12-14 17:13:52,736 INFO [main] o.s.StoreTiming - 12:17 AM - 07:00 PM
2023-12-14 17:13:52,743 INFO [main] o.s.StoreTiming - WEDNESDAY
2023-12-14 17:13:52,752 INFO [main] o.s.StoreTiming - 12:17 AM - 11:00 PM
2023-12-14 17:13:52,760 INFO [main] o.s.StoreTiming - THURSDAY
2023-12-14 17:13:52,768 INFO [main] o.s.StoreTiming - 07:00 AM - 12:17 PM
2023-12-14 17:13:52,776 INFO [main] o.s.StoreTiming - FRIDAY
2023-12-14 17:13:52,784 INFO [main] o.s.StoreTiming - 06:00 AM - 04:00 PM
2023-12-14 17:13:52,791 INFO [main] o.s.StoreTiming - SATURDAY
2023-12-14 17:13:52,798 INFO [main] o.s.StoreTiming - 07:00 AM - 09:00 PM
2023-12-14 17:13:52,806 INFO [main] o.s.StoreTiming - SUNDAY
2023-12-14 17:13:52,814 INFO [main] o.s.StoreTiming - 07:00 AM - 09:00 PM
2023-12-14 17:13:53,190 INFO [main] o.s.StoreTiming - 12
2023-12-14 17:14:01,295 INFO [main] o.s.StoreTiming - 12
2023-12-14 17:14:01,295 INFO [main] o.s.StoreTiming - Choosed and updated Time is correct
2023-12-14 18:05:56,345 INFO [main] o.s.StoreTiming - Tittle of the screen: Store hours
2023-12-14 18:05:56,356 INFO [main] o.s.StoreTiming - MONDAY
2023-12-14 18:05:56,363 INFO [main] o.s.StoreTiming - 12:16 AM - 09:28 PM
2023-12-14 18:05:56,370 INFO [main] o.s.StoreTiming - TUESDAY
2023-12-14 18:05:56,378 INFO [main] o.s.StoreTiming - 12:17 AM - 07:00 PM
2023-12-14 18:05:56,385 INFO [main] o.s.StoreTiming - WEDNESDAY
2023-12-14 18:05:56,393 INFO [main] o.s.StoreTiming - 12:17 AM - 11:00 PM
2023-12-14 18:05:56,401 INFO [main] o.s.StoreTiming - THURSDAY
2023-12-14 18:05:56,408 INFO [main] o.s.StoreTiming - 07:00 AM - 12:17 PM
2023-12-14 18:05:56,416 INFO [main] o.s.StoreTiming - FRIDAY
2023-12-14 18:05:56,425 INFO [main] o.s.StoreTiming - 06:00 AM - 04:00 PM
2023-12-14 18:05:56,432 INFO [main] o.s.StoreTiming - SATURDAY
2023-12-14 18:05:56,446 INFO [main] o.s.StoreTiming - 07:00 AM - 09:00 PM
2023-12-14 18:05:56,455 INFO [main] o.s.StoreTiming - SUNDAY
2023-12-14 18:05:56,463 INFO [main] o.s.StoreTiming - 07:00 AM - 09:00 PM
2023-12-14 18:05:56,867 INFO [main] o.s.StoreTiming - 12
2023-12-14 18:06:04,959 INFO [main] o.s.StoreTiming - 12
2023-12-14 18:06:04,960 INFO [main] o.s.StoreTiming - Choosed and updated Time is correct
2023-12-15 11:33:54,831 INFO [main] o.s.StoreTiming - Tittle of the screen: Store hours
2023-12-15 11:33:54,845 INFO [main] o.s.StoreTiming - MONDAY
2023-12-15 11:33:54,852 INFO [main] o.s.StoreTiming - 12:16 AM - 09:28 PM
2023-12-15 11:33:54,858 INFO [main] o.s.StoreTiming - TUESDAY
2023-12-15 11:33:54,866 INFO [main] o.s.StoreTiming - 12:17 AM - 07:00 PM
2023-12-15 11:33:54,873 INFO [main] o.s.StoreTiming - WEDNESDAY
2023-12-15 11:33:54,881 INFO [main] o.s.StoreTiming - 12:17 AM - 11:00 PM
2023-12-15 11:33:54,888 INFO [main] o.s.StoreTiming - THURSDAY
2023-12-15 11:33:54,895 INFO [main] o.s.StoreTiming - 07:00 AM - 12:17 PM
2023-12-15 11:33:54,903 INFO [main] o.s.StoreTiming - FRIDAY
2023-12-15 11:33:54,911 INFO [main] o.s.StoreTiming - 06:00 AM - 04:00 PM
2023-12-15 11:33:54,919 INFO [main] o.s.StoreTiming - SATURDAY
2023-12-15 11:33:54,927 INFO [main] o.s.StoreTiming - 07:00 AM - 09:00 PM
2023-12-15 11:33:54,935 INFO [main] o.s.StoreTiming - SUNDAY
2023-12-15 11:33:54,944 INFO [main] o.s.StoreTiming - 07:00 AM - 09:00 PM
2023-12-15 11:33:55,282 INFO [main] o.s.StoreTiming - 12
2023-12-15 11:34:03,754 INFO [main] o.s.StoreTiming - 12
2023-12-15 11:34:03,754 INFO [main] o.s.StoreTiming - Choosed and updated Time is correct
2023-12-15 11:47:52,240 INFO [main] o.s.StoreTiming - Tittle of the screen: Store hours
2023-12-15 11:47:52,288 INFO [main] o.s.StoreTiming - MONDAY
2023-12-15 11:47:52,306 INFO [main] o.s.StoreTiming - 12:16 AM - 09:28 PM
2023-12-15 11:47:52,326 INFO [main] o.s.StoreTiming - TUESDAY
2023-12-15 11:47:52,348 INFO [main] o.s.StoreTiming - 12:17 AM - 07:00 PM
2023-12-15 11:47:52,366 INFO [main] o.s.StoreTiming - WEDNESDAY
2023-12-15 11:47:52,384 INFO [main] o.s.StoreTiming - 12:17 AM - 11:00 PM
2023-12-15 11:47:52,403 INFO [main] o.s.StoreTiming - THURSDAY
2023-12-15 11:47:52,420 INFO [main] o.s.StoreTiming - 07:00 AM - 12:17 PM
2023-12-15 11:47:52,437 INFO [main] o.s.StoreTiming - FRIDAY
2023-12-15 11:47:52,454 INFO [main] o.s.StoreTiming - 06:00 AM - 04:00 PM
2023-12-15 11:47:52,471 INFO [main] o.s.StoreTiming - SATURDAY
2023-12-15 11:47:52,489 INFO [main] o.s.StoreTiming - 07:00 AM - 09:00 PM
2023-12-15 11:47:52,506 INFO [main] o.s.StoreTiming - SUNDAY
2023-12-15 11:47:52,524 INFO [main] o.s.StoreTiming - 07:00 AM - 09:00 PM
2023-12-15 11:47:52,943 INFO [main] o.s.StoreTiming - 12
2023-12-15 11:48:01,147 INFO [main] o.s.StoreTiming - 12
2023-12-15 11:48:01,147 INFO [main] o.s.StoreTiming - Choosed and updated Time is correct
2023-12-15 12:16:39,126 INFO [main] o.s.StoreTiming - Tittle of the screen: Store hours
2023-12-15 12:16:39,173 INFO [main] o.s.StoreTiming - MONDAY
2023-12-15 12:16:39,201 INFO [main] o.s.StoreTiming - 12:16 AM - 09:28 PM
2023-12-15 12:16:39,233 INFO [main] o.s.StoreTiming - TUESDAY
2023-12-15 12:16:39,260 INFO [main] o.s.StoreTiming - 12:17 AM - 07:00 PM
2023-12-15 12:16:39,290 INFO [main] o.s.StoreTiming - WEDNESDAY
2023-12-15 12:16:39,326 INFO [main] o.s.StoreTiming - 12:17 AM - 11:00 PM
2023-12-15 12:16:39,356 INFO [main] o.s.StoreTiming - THURSDAY
2023-12-15 12:16:39,384 INFO [main] o.s.StoreTiming - 07:00 AM - 12:17 PM
2023-12-15 12:16:39,412 INFO [main] o.s.StoreTiming - FRIDAY
2023-12-15 12:16:39,440 INFO [main] o.s.StoreTiming - 06:00 AM - 04:00 PM
2023-12-15 12:16:39,465 INFO [main] o.s.StoreTiming - SATURDAY
2023-12-15 12:16:39,482 INFO [main] o.s.StoreTiming - 07:00 AM - 09:00 PM
2023-12-15 12:16:39,501 INFO [main] o.s.StoreTiming - SUNDAY
2023-12-15 12:16:39,519 INFO [main] o.s.StoreTiming - 07:00 AM - 09:00 PM
2023-12-15 12:16:39,958 INFO [main] o.s.StoreTiming - 12
2023-12-15 12:16:48,213 INFO [main] o.s.StoreTiming - 12
2023-12-15 12:16:48,213 INFO [main] o.s.StoreTiming - Choosed and updated Time is correct
2023-12-15 12:52:39,943 INFO [main] o.s.StoreTiming - Tittle of the screen: Store hours
2023-12-15 12:52:39,960 INFO [main] o.s.StoreTiming - MONDAY
2023-12-15 12:52:39,974 INFO [main] o.s.StoreTiming - 12:16 AM - 09:28 PM
2023-12-15 12:52:39,985 INFO [main] o.s.StoreTiming - TUESDAY
2023-12-15 12:52:39,996 INFO [main] o.s.StoreTiming - 12:17 AM - 07:00 PM
2023-12-15 12:52:40,006 INFO [main] o.s.StoreTiming - WEDNESDAY
2023-12-15 12:52:40,015 INFO [main] o.s.StoreTiming - 12:17 AM - 11:00 PM
2023-12-15 12:52:40,025 INFO [main] o.s.StoreTiming - THURSDAY
2023-12-15 12:52:40,036 INFO [main] o.s.StoreTiming - 07:00 AM - 12:17 PM
2023-12-15 12:52:40,056 INFO [main] o.s.StoreTiming - FRIDAY
2023-12-15 12:52:40,067 INFO [main] o.s.StoreTiming - 06:00 AM - 04:00 PM
2023-12-15 12:52:40,079 INFO [main] o.s.StoreTiming - SATURDAY
2023-12-15 12:52:40,089 INFO [main] o.s.StoreTiming - 07:00 AM - 09:00 PM
2023-12-15 12:52:40,098 INFO [main] o.s.StoreTiming - SUNDAY
2023-12-15 12:52:40,107 INFO [main] o.s.StoreTiming - 07:00 AM - 09:00 PM
2023-12-15 12:52:40,484 INFO [main] o.s.StoreTiming - 12
2023-12-15 12:52:48,597 INFO [main] o.s.StoreTiming - 12
2023-12-15 12:52:48,597 INFO [main] o.s.StoreTiming - Choosed and updated Time is correct
2023-12-15 14:11:42,840 INFO [main] o.s.StoreTiming - Tittle of the screen: Store hours
2023-12-15 14:11:42,887 INFO [main] o.s.StoreTiming - MONDAY
2023-12-15 14:11:42,914 INFO [main] o.s.StoreTiming - 12:16 AM - 09:28 PM
2023-12-15 14:11:42,944 INFO [main] o.s.StoreTiming - TUESDAY
2023-12-15 14:11:42,972 INFO [main] o.s.StoreTiming - 12:17 AM - 07:00 PM
2023-12-15 14:11:43,000 INFO [main] o.s.StoreTiming - WEDNESDAY
2023-12-15 14:11:43,031 INFO [main] o.s.StoreTiming - 12:17 AM - 11:00 PM
2023-12-15 14:11:43,059 INFO [main] o.s.StoreTiming - THURSDAY
2023-12-15 14:11:43,091 INFO [main] o.s.StoreTiming - 07:00 AM - 12:17 PM
2023-12-15 14:11:43,118 INFO [main] o.s.StoreTiming - FRIDAY
2023-12-15 14:11:43,164 INFO [main] o.s.StoreTiming - 06:00 AM - 04:00 PM
2023-12-15 14:11:43,189 INFO [main] o.s.StoreTiming - SATURDAY
2023-12-15 14:11:43,208 INFO [main] o.s.StoreTiming - 07:00 AM - 09:00 PM
2023-12-15 14:11:43,223 INFO [main] o.s.StoreTiming - SUNDAY
2023-12-15 14:11:43,233 INFO [main] o.s.StoreTiming - 07:00 AM - 09:00 PM
2023-12-15 14:11:43,587 INFO [main] o.s.StoreTiming - 12
2023-12-15 14:11:51,737 INFO [main] o.s.StoreTiming - 12
2023-12-15 14:11:51,737 INFO [main] o.s.StoreTiming - Choosed and updated Time is correct
2023-12-15 15:14:12,112 INFO [main] o.s.StoreTiming - Tittle of the screen: Store hours
2023-12-15 15:14:12,152 INFO [main] o.s.StoreTiming - MONDAY
2023-12-15 15:14:12,173 INFO [main] o.s.StoreTiming - 12:16 AM - 09:28 PM
2023-12-15 15:14:12,196 INFO [main] o.s.StoreTiming - TUESDAY
2023-12-15 15:14:12,215 INFO [main] o.s.StoreTiming - 12:17 AM - 07:00 PM
2023-12-15 15:14:12,233 INFO [main] o.s.StoreTiming - WEDNESDAY
2023-12-15 15:14:12,258 INFO [main] o.s.StoreTiming - 12:17 AM - 11:00 PM
2023-12-15 15:14:12,276 INFO [main] o.s.StoreTiming - THURSDAY
2023-12-15 15:14:12,295 INFO [main] o.s.StoreTiming - 07:00 AM - 12:17 PM
2023-12-15 15:14:12,313 INFO [main] o.s.StoreTiming - FRIDAY
2023-12-15 15:14:12,331 INFO [main] o.s.StoreTiming - 06:00 AM - 04:00 PM
2023-12-15 15:14:12,349 INFO [main] o.s.StoreTiming - SATURDAY
2023-12-15 15:14:12,370 INFO [main] o.s.StoreTiming - 07:00 AM - 09:00 PM
2023-12-15 15:14:12,392 INFO [main] o.s.StoreTiming - SUNDAY
2023-12-15 15:14:12,407 INFO [main] o.s.StoreTiming - 07:00 AM - 09:00 PM
2023-12-15 15:14:12,765 INFO [main] o.s.StoreTiming - 12
2023-12-15 15:14:20,785 INFO [main] o.s.StoreTiming - 12
2023-12-15 15:14:20,785 INFO [main] o.s.StoreTiming - Choosed and updated Time is correct
2023-12-15 15:31:13,697 INFO [main] o.s.StoreTiming - Tittle of the screen: Store hours
2023-12-15 15:31:13,711 INFO [main] o.s.StoreTiming - MONDAY
2023-12-15 15:31:13,721 INFO [main] o.s.StoreTiming - 12:16 AM - 09:28 PM
2023-12-15 15:31:13,729 INFO [main] o.s.StoreTiming - TUESDAY
2023-12-15 15:31:13,737 INFO [main] o.s.StoreTiming - 12:17 AM - 07:00 PM
2023-12-15 15:31:13,746 INFO [main] o.s.StoreTiming - WEDNESDAY
2023-12-15 15:31:13,755 INFO [main] o.s.StoreTiming - 12:17 AM - 11:00 PM
2023-12-15 15:31:13,764 INFO [main] o.s.StoreTiming - THURSDAY
2023-12-15 15:31:13,773 INFO [main] o.s.StoreTiming - 07:00 AM - 12:17 PM
2023-12-15 15:31:13,783 INFO [main] o.s.StoreTiming - FRIDAY
2023-12-15 15:31:13,791 INFO [main] o.s.StoreTiming - 06:00 AM - 04:00 PM
2023-12-15 15:31:13,800 INFO [main] o.s.StoreTiming - SATURDAY
2023-12-15 15:31:13,808 INFO [main] o.s.StoreTiming - 07:00 AM - 09:00 PM
2023-12-15 15:31:13,817 INFO [main] o.s.StoreTiming - SUNDAY
2023-12-15 15:31:13,826 INFO [main] o.s.StoreTiming - 07:00 AM - 09:00 PM
2023-12-15 15:31:14,155 INFO [main] o.s.StoreTiming - 12
2023-12-15 15:31:22,114 INFO [main] o.s.StoreTiming - 12
2023-12-15 15:31:22,114 INFO [main] o.s.StoreTiming - Choosed and updated Time is correct
2023-12-15 15:51:48,720 INFO [main] o.s.StoreTiming - Tittle of the screen: Store hours
2023-12-15 15:51:48,731 INFO [main] o.s.StoreTiming - MONDAY
2023-12-15 15:51:48,739 INFO [main] o.s.StoreTiming - 12:16 AM - 09:28 PM
2023-12-15 15:51:48,747 INFO [main] o.s.StoreTiming - TUESDAY
2023-12-15 15:51:48,754 INFO [main] o.s.StoreTiming - 12:17 AM - 07:00 PM
2023-12-15 15:51:48,761 INFO [main] o.s.StoreTiming - WEDNESDAY
2023-12-15 15:51:48,769 INFO [main] o.s.StoreTiming - 12:17 AM - 11:00 PM
2023-12-15 15:51:48,776 INFO [main] o.s.StoreTiming - THURSDAY
2023-12-15 15:51:48,784 INFO [main] o.s.StoreTiming - 07:00 AM - 12:17 PM
2023-12-15 15:51:48,792 INFO [main] o.s.StoreTiming - FRIDAY
2023-12-15 15:51:48,799 INFO [main] o.s.StoreTiming - 06:00 AM - 04:00 PM
2023-12-15 15:51:48,807 INFO [main] o.s.StoreTiming - SATURDAY
2023-12-15 15:51:48,814 INFO [main] o.s.StoreTiming - 07:00 AM - 09:00 PM
2023-12-15 15:51:48,821 INFO [main] o.s.StoreTiming - SUNDAY
2023-12-15 15:51:48,829 INFO [main] o.s.StoreTiming - 07:00 AM - 09:00 PM
2023-12-15 15:51:49,145 INFO [main] o.s.StoreTiming - 12
2023-12-15 15:51:57,050 INFO [main] o.s.StoreTiming - 12
2023-12-15 15:51:57,050 INFO [main] o.s.StoreTiming - Choosed and updated Time is correct
2023-12-15 16:26:44,645 INFO [main] o.s.StoreTiming - Tittle of the screen: Store hours
2023-12-15 16:26:44,671 INFO [main] o.s.StoreTiming - MONDAY
2023-12-15 16:26:44,687 INFO [main] o.s.StoreTiming - 12:16 AM - 09:28 PM
2023-12-15 16:26:44,704 INFO [main] o.s.StoreTiming - TUESDAY
2023-12-15 16:26:44,716 INFO [main] o.s.StoreTiming - 12:17 AM - 07:00 PM
2023-12-15 16:26:44,727 INFO [main] o.s.StoreTiming - WEDNESDAY
2023-12-15 16:26:44,737 INFO [main] o.s.StoreTiming - 12:17 AM - 11:00 PM
2023-12-15 16:26:44,745 INFO [main] o.s.StoreTiming - THURSDAY
2023-12-15 16:26:44,752 INFO [main] o.s.StoreTiming - 07:00 AM - 12:17 PM
2023-12-15 16:26:44,759 INFO [main] o.s.StoreTiming - FRIDAY
2023-12-15 16:26:44,766 INFO [main] o.s.StoreTiming - 06:00 AM - 04:00 PM
2023-12-15 16:26:44,773 INFO [main] o.s.StoreTiming - SATURDAY
2023-12-15 16:26:44,780 INFO [main] o.s.StoreTiming - 07:00 AM - 09:00 PM
2023-12-15 16:26:44,787 INFO [main] o.s.StoreTiming - SUNDAY
2023-12-15 16:26:44,794 INFO [main] o.s.StoreTiming - 07:00 AM - 09:00 PM
2023-12-15 16:26:45,135 INFO [main] o.s.StoreTiming - 12
2023-12-15 16:26:53,179 INFO [main] o.s.StoreTiming - 12
2023-12-15 16:26:53,179 INFO [main] o.s.StoreTiming - Choosed and updated Time is correct
2023-12-15 16:47:34,230 INFO [main] o.s.StoreTiming - Tittle of the screen: Store hours
2023-12-15 16:47:34,250 INFO [main] o.s.StoreTiming - MONDAY
2023-12-15 16:47:34,258 INFO [main] o.s.StoreTiming - 12:16 AM - 09:28 PM
2023-12-15 16:47:34,268 INFO [main] o.s.StoreTiming - TUESDAY
2023-12-15 16:47:34,278 INFO [main] o.s.StoreTiming - 12:17 AM - 07:00 PM
2023-12-15 16:47:34,286 INFO [main] o.s.StoreTiming - WEDNESDAY
2023-12-15 16:47:34,294 INFO [main] o.s.StoreTiming - 12:17 AM - 11:00 PM
2023-12-15 16:47:34,301 INFO [main] o.s.StoreTiming - THURSDAY
2023-12-15 16:47:34,311 INFO [main] o.s.StoreTiming - 07:00 AM - 12:17 PM
2023-12-15 16:47:34,320 INFO [main] o.s.StoreTiming - FRIDAY
2023-12-15 16:47:34,326 INFO [main] o.s.StoreTiming - 06:00 AM - 04:00 PM
2023-12-15 16:47:34,343 INFO [main] o.s.StoreTiming - SATURDAY
2023-12-15 16:47:34,355 INFO [main] o.s.StoreTiming - 07:00 AM - 09:00 PM
2023-12-15 16:47:34,363 INFO [main] o.s.StoreTiming - SUNDAY
2023-12-15 16:47:34,372 INFO [main] o.s.StoreTiming - 07:00 AM - 09:00 PM
2023-12-15 16:47:34,694 INFO [main] o.s.StoreTiming - 12
2023-12-15 16:47:42,695 INFO [main] o.s.StoreTiming - 12
2023-12-15 16:47:42,695 INFO [main] o.s.StoreTiming - Choosed and updated Time is correct
2023-12-15 17:08:18,504 INFO [main] o.s.StoreTiming - Tittle of the screen: Store hours
2023-12-15 17:08:18,516 INFO [main] o.s.StoreTiming - MONDAY
2023-12-15 17:08:18,524 INFO [main] o.s.StoreTiming - 12:16 AM - 09:28 PM
2023-12-15 17:08:18,533 INFO [main] o.s.StoreTiming - TUESDAY
2023-12-15 17:08:18,540 INFO [main] o.s.StoreTiming - 12:17 AM - 07:00 PM
2023-12-15 17:08:18,548 INFO [main] o.s.StoreTiming - WEDNESDAY
2023-12-15 17:08:18,555 INFO [main] o.s.StoreTiming - 12:17 AM - 11:00 PM
2023-12-15 17:08:18,561 INFO [main] o.s.StoreTiming - THURSDAY
2023-12-15 17:08:18,570 INFO [main] o.s.StoreTiming - 07:00 AM - 12:17 PM
2023-12-15 17:08:18,578 INFO [main] o.s.StoreTiming - FRIDAY
2023-12-15 17:08:18,584 INFO [main] o.s.StoreTiming - 06:00 AM - 04:00 PM
2023-12-15 17:08:18,592 INFO [main] o.s.StoreTiming - SATURDAY
2023-12-15 17:08:18,600 INFO [main] o.s.StoreTiming - 07:00 AM - 09:00 PM
2023-12-15 17:08:18,608 INFO [main] o.s.StoreTiming - SUNDAY
2023-12-15 17:08:18,616 INFO [main] o.s.StoreTiming - 07:00 AM - 09:00 PM
2023-12-15 17:08:18,920 INFO [main] o.s.StoreTiming - 12
2023-12-15 17:08:27,370 INFO [main] o.s.StoreTiming - 12
2023-12-15 17:08:27,370 INFO [main] o.s.StoreTiming - Choosed and updated Time is correct
2023-12-15 18:04:44,825 INFO [main] o.s.StoreTiming - Tittle of the screen: Store hours
2023-12-15 18:04:45,137 INFO [main] o.s.StoreTiming - MONDAY
2023-12-15 18:04:45,148 INFO [main] o.s.StoreTiming - 12:16 AM - 09:28 PM
2023-12-15 18:04:45,161 INFO [main] o.s.StoreTiming - TUESDAY
2023-12-15 18:04:45,169 INFO [main] o.s.StoreTiming - 12:17 AM - 07:00 PM
2023-12-15 18:04:45,177 INFO [main] o.s.StoreTiming - WEDNESDAY
2023-12-15 18:04:45,185 INFO [main] o.s.StoreTiming - 12:17 AM - 11:00 PM
2023-12-15 18:04:45,195 INFO [main] o.s.StoreTiming - THURSDAY
2023-12-15 18:04:45,236 INFO [main] o.s.StoreTiming - 07:00 AM - 12:17 PM
2023-12-15 18:04:45,335 INFO [main] o.s.StoreTiming - FRIDAY
2023-12-15 18:04:45,356 INFO [main] o.s.StoreTiming - 06:00 AM - 04:00 PM
2023-12-15 18:04:45,368 INFO [main] o.s.StoreTiming - SATURDAY
2023-12-15 18:04:45,377 INFO [main] o.s.StoreTiming - 07:00 AM - 09:00 PM
2023-12-15 18:04:45,389 INFO [main] o.s.StoreTiming - SUNDAY
2023-12-15 18:04:45,399 INFO [main] o.s.StoreTiming - 07:00 AM - 09:00 PM
2023-12-15 18:04:45,788 INFO [main] o.s.StoreTiming - 12
2023-12-15 18:04:53,811 INFO [main] o.s.StoreTiming - 12
2023-12-15 18:04:53,811 INFO [main] o.s.StoreTiming - Choosed and updated Time is correct
2023-12-15 18:18:42,608 INFO [main] o.s.StoreTiming - Tittle of the screen: Store hours
2023-12-15 18:18:42,661 INFO [main] o.s.StoreTiming - MONDAY
2023-12-15 18:18:42,694 INFO [main] o.s.StoreTiming - 12:16 AM - 09:28 PM
2023-12-15 18:18:42,712 INFO [main] o.s.StoreTiming - TUESDAY
2023-12-15 18:18:42,727 INFO [main] o.s.StoreTiming - 12:17 AM - 07:00 PM
2023-12-15 18:18:42,741 INFO [main] o.s.StoreTiming - WEDNESDAY
2023-12-15 18:18:42,755 INFO [main] o.s.StoreTiming - 12:17 AM - 11:00 PM
2023-12-15 18:18:42,765 INFO [main] o.s.StoreTiming - THURSDAY
2023-12-15 18:18:42,774 INFO [main] o.s.StoreTiming - 07:00 AM - 12:17 PM
2023-12-15 18:18:42,784 INFO [main] o.s.StoreTiming - FRIDAY
2023-12-15 18:18:42,795 INFO [main] o.s.StoreTiming - 06:00 AM - 04:00 PM
2023-12-15 18:18:42,804 INFO [main] o.s.StoreTiming - SATURDAY
2023-12-15 18:18:42,812 INFO [main] o.s.StoreTiming - 07:00 AM - 09:00 PM
2023-12-15 18:18:42,820 INFO [main] o.s.StoreTiming - SUNDAY
2023-12-15 18:18:42,827 INFO [main] o.s.StoreTiming - 07:00 AM - 09:00 PM
2023-12-15 18:18:43,300 INFO [main] o.s.StoreTiming - 12
2023-12-15 18:18:51,984 INFO [main] o.s.StoreTiming - 12
2023-12-15 18:18:51,984 INFO [main] o.s.StoreTiming - Choosed and updated Time is correct
2023-12-15 18:34:50,896 INFO [main] o.s.StoreTiming - Tittle of the screen: Store hours
2023-12-15 18:34:50,930 INFO [main] o.s.StoreTiming - MONDAY
2023-12-15 18:34:50,947 INFO [main] o.s.StoreTiming - 12:16 AM - 09:28 PM
2023-12-15 18:34:50,967 INFO [main] o.s.StoreTiming - TUESDAY
2023-12-15 18:34:50,987 INFO [main] o.s.StoreTiming - 12:17 AM - 07:00 PM
2023-12-15 18:34:51,001 INFO [main] o.s.StoreTiming - WEDNESDAY
2023-12-15 18:34:51,012 INFO [main] o.s.StoreTiming - 12:17 AM - 11:00 PM
2023-12-15 18:34:51,023 INFO [main] o.s.StoreTiming - THURSDAY
2023-12-15 18:34:51,031 INFO [main] o.s.StoreTiming - 07:00 AM - 12:17 PM
2023-12-15 18:34:51,038 INFO [main] o.s.StoreTiming - FRIDAY
2023-12-15 18:34:51,044 INFO [main] o.s.StoreTiming - 06:00 AM - 04:00 PM
2023-12-15 18:34:51,051 INFO [main] o.s.StoreTiming - SATURDAY
2023-12-15 18:34:51,058 INFO [main] o.s.StoreTiming - 07:00 AM - 09:00 PM
2023-12-15 18:34:51,065 INFO [main] o.s.StoreTiming - SUNDAY
2023-12-15 18:34:51,073 INFO [main] o.s.StoreTiming - 07:00 AM - 09:00 PM
2023-12-15 18:34:51,417 INFO [main] o.s.StoreTiming - 12
2023-12-15 18:34:59,826 INFO [main] o.s.StoreTiming - 12
2023-12-15 18:34:59,827 INFO [main] o.s.StoreTiming - Choosed and updated Time is correct
2023-12-15 18:55:08,306 INFO [main] o.s.StoreTiming - Tittle of the screen: Store hours
2023-12-15 18:55:08,327 INFO [main] o.s.StoreTiming - MONDAY
2023-12-15 18:55:08,340 INFO [main] o.s.StoreTiming - 12:16 AM - 09:28 PM
2023-12-15 18:55:08,351 INFO [main] o.s.StoreTiming - TUESDAY
2023-12-15 18:55:08,361 INFO [main] o.s.StoreTiming - 12:17 AM - 07:00 PM
2023-12-15 18:55:08,370 INFO [main] o.s.StoreTiming - WEDNESDAY
2023-12-15 18:55:08,377 INFO [main] o.s.StoreTiming - 12:17 AM - 11:00 PM
2023-12-15 18:55:08,384 INFO [main] o.s.StoreTiming - THURSDAY
2023-12-15 18:55:08,391 INFO [main] o.s.StoreTiming - 07:00 AM - 12:17 PM
2023-12-15 18:55:08,400 INFO [main] o.s.StoreTiming - FRIDAY
2023-12-15 18:55:08,409 INFO [main] o.s.StoreTiming - 06:00 AM - 04:00 PM
2023-12-15 18:55:08,421 INFO [main] o.s.StoreTiming - SATURDAY
2023-12-15 18:55:08,429 INFO [main] o.s.StoreTiming - 07:00 AM - 09:00 PM
2023-12-15 18:55:08,437 INFO [main] o.s.StoreTiming - SUNDAY
2023-12-15 18:55:08,447 INFO [main] o.s.StoreTiming - 07:00 AM - 09:00 PM
2023-12-15 18:55:08,829 INFO [main] o.s.StoreTiming - 12
2023-12-15 18:55:17,550 INFO [main] o.s.StoreTiming - 12
2023-12-15 18:55:17,551 INFO [main] o.s.StoreTiming - Choosed and updated Time is correct
2023-12-15 19:18:25,881 INFO [main] o.s.StoreTiming - Tittle of the screen: Store hours
2023-12-15 19:18:25,903 INFO [main] o.s.StoreTiming - MONDAY
2023-12-15 19:18:25,916 INFO [main] o.s.StoreTiming - 12:16 AM - 09:28 PM
2023-12-15 19:18:25,926 INFO [main] o.s.StoreTiming - TUESDAY
2023-12-15 19:18:25,936 INFO [main] o.s.StoreTiming - 12:17 AM - 07:00 PM
2023-12-15 19:18:25,945 INFO [main] o.s.StoreTiming - WEDNESDAY
2023-12-15 19:18:25,955 INFO [main] o.s.StoreTiming - 12:17 AM - 11:00 PM
2023-12-15 19:18:25,964 INFO [main] o.s.StoreTiming - THURSDAY
2023-12-15 19:18:25,973 INFO [main] o.s.StoreTiming - 07:00 AM - 12:17 PM
2023-12-15 19:18:25,982 INFO [main] o.s.StoreTiming - FRIDAY
2023-12-15 19:18:25,992 INFO [main] o.s.StoreTiming - 06:00 AM - 04:00 PM
2023-12-15 19:18:25,999 INFO [main] o.s.StoreTiming - SATURDAY
2023-12-15 19:18:26,007 INFO [main] o.s.StoreTiming - 07:00 AM - 09:00 PM
2023-12-15 19:18:26,014 INFO [main] o.s.StoreTiming - SUNDAY
2023-12-15 19:18:26,021 INFO [main] o.s.StoreTiming - 07:00 AM - 09:00 PM
2023-12-15 19:18:26,403 INFO [main] o.s.StoreTiming - 12
2023-12-15 19:18:34,971 INFO [main] o.s.StoreTiming - 12
2023-12-15 19:18:34,971 INFO [main] o.s.StoreTiming - Choosed and updated Time is correct
2023-12-18 13:41:28,648 INFO [main] o.s.StoreTiming - Tittle of the screen: Store hours
2023-12-18 13:41:28,721 INFO [main] o.s.StoreTiming - MONDAY
2023-12-18 13:41:28,760 INFO [main] o.s.StoreTiming - 12:16 AM - 09:28 PM
2023-12-18 13:41:28,796 INFO [main] o.s.StoreTiming - TUESDAY
2023-12-18 13:41:28,822 INFO [main] o.s.StoreTiming - 12:17 AM - 07:00 PM
2023-12-18 13:41:28,836 INFO [main] o.s.StoreTiming - WEDNESDAY
2023-12-18 13:41:28,851 INFO [main] o.s.StoreTiming - 12:17 AM - 11:00 PM
2023-12-18 13:41:28,864 INFO [main] o.s.StoreTiming - THURSDAY
2023-12-18 13:41:28,882 INFO [main] o.s.StoreTiming - 07:00 AM - 12:17 PM
2023-12-18 13:41:28,897 INFO [main] o.s.StoreTiming - FRIDAY
2023-12-18 13:41:28,913 INFO [main] o.s.StoreTiming - 06:00 AM - 04:00 PM
2023-12-18 13:41:28,939 INFO [main] o.s.StoreTiming - SATURDAY
2023-12-18 13:41:28,952 INFO [main] o.s.StoreTiming - 07:00 AM - 09:00 PM
2023-12-18 13:41:28,959 INFO [main] o.s.StoreTiming - SUNDAY
2023-12-18 13:41:28,967 INFO [main] o.s.StoreTiming - 07:00 AM - 09:00 PM
2023-12-18 13:41:29,389 INFO [main] o.s.StoreTiming - 12
2023-12-18 13:41:37,485 INFO [main] o.s.StoreTiming - 12
2023-12-18 13:41:37,485 INFO [main] o.s.StoreTiming - Choosed and updated Time is correct
2023-12-18 13:49:17,990 INFO [main] o.s.StoreTiming - Tittle of the screen: Store hours
2023-12-18 13:49:18,023 INFO [main] o.s.StoreTiming - MONDAY
2023-12-18 13:49:18,039 INFO [main] o.s.StoreTiming - 12:16 AM - 09:28 PM
2023-12-18 13:49:18,058 INFO [main] o.s.StoreTiming - TUESDAY
2023-12-18 13:49:18,075 INFO [main] o.s.StoreTiming - 12:17 AM - 07:00 PM
2023-12-18 13:49:18,090 INFO [main] o.s.StoreTiming - WEDNESDAY
2023-12-18 13:49:18,107 INFO [main] o.s.StoreTiming - 12:17 AM - 11:00 PM
2023-12-18 13:49:18,126 INFO [main] o.s.StoreTiming - THURSDAY
2023-12-18 13:49:18,149 INFO [main] o.s.StoreTiming - 07:00 AM - 12:17 PM
2023-12-18 13:49:18,167 INFO [main] o.s.StoreTiming - FRIDAY
2023-12-18 13:49:18,180 INFO [main] o.s.StoreTiming - 06:00 AM - 04:00 PM
2023-12-18 13:49:18,190 INFO [main] o.s.StoreTiming - SATURDAY
2023-12-18 13:49:18,200 INFO [main] o.s.StoreTiming - 07:00 AM - 09:00 PM
2023-12-18 13:49:18,211 INFO [main] o.s.StoreTiming - SUNDAY
2023-12-18 13:49:18,224 INFO [main] o.s.StoreTiming - 07:00 AM - 09:00 PM
2023-12-18 13:49:18,708 INFO [main] o.s.StoreTiming - 12
2023-12-18 13:49:27,814 INFO [main] o.s.StoreTiming - 12
2023-12-18 13:49:27,814 INFO [main] o.s.StoreTiming - Choosed and updated Time is correct
2023-12-18 13:58:26,207 INFO [main] o.s.StoreTiming - Tittle of the screen: Store hours
2023-12-18 13:58:26,246 INFO [main] o.s.StoreTiming - MONDAY
2023-12-18 13:58:26,268 INFO [main] o.s.StoreTiming - 12:16 AM - 09:28 PM
2023-12-18 13:58:26,286 INFO [main] o.s.StoreTiming - TUESDAY
2023-12-18 13:58:26,303 INFO [main] o.s.StoreTiming - 12:17 AM - 07:00 PM
2023-12-18 13:58:26,314 INFO [main] o.s.StoreTiming - WEDNESDAY
2023-12-18 13:58:26,329 INFO [main] o.s.StoreTiming - 12:17 AM - 11:00 PM
2023-12-18 13:58:26,343 INFO [main] o.s.StoreTiming - THURSDAY
2023-12-18 13:58:26,354 INFO [main] o.s.StoreTiming - 07:00 AM - 12:17 PM
2023-12-18 13:58:26,370 INFO [main] o.s.StoreTiming - FRIDAY
2023-12-18 13:58:26,384 INFO [main] o.s.StoreTiming - 06:00 AM - 04:00 PM
2023-12-18 13:58:26,393 INFO [main] o.s.StoreTiming - SATURDAY
2023-12-18 13:58:26,403 INFO [main] o.s.StoreTiming - 07:00 AM - 09:00 PM
2023-12-18 13:58:26,413 INFO [main] o.s.StoreTiming - SUNDAY
2023-12-18 13:58:26,423 INFO [main] o.s.StoreTiming - 07:00 AM - 09:00 PM
2023-12-18 13:58:26,852 INFO [main] o.s.StoreTiming - 12
2023-12-18 13:58:35,615 INFO [main] o.s.StoreTiming - 12
2023-12-18 13:58:35,615 INFO [main] o.s.StoreTiming - Choosed and updated Time is correct
